#
# A fatal error has been detected by the Java Runtime Environment:
#
#  EXCEPTION_ACCESS_VIOLATION (0xc0000005) at pc=0x0000000052ef426c, pid=11960, tid=7644
#
# JRE version: Java(TM) SE Runtime Environment (8.0_77-b03) (build 1.8.0_77-b03)
# Java VM: Java HotSpot(TM) 64-Bit Server VM (25.77-b03 mixed mode windows-amd64 compressed oops)
# Problematic frame:
# C  [nvoglv64.DLL+0x141426c]
#
# Failed to write core dump. Minidumps are not enabled by default on client versions of Windows
#
# If you would like to submit a bug report, please visit:
#   http://bugreport.java.com/bugreport/crash.jsp
# The crash happened outside the Java Virtual Machine in native code.
# See problematic frame for where to report the bug.
#

---------------  T H R E A D  ---------------

Current thread (0x0000000002310800):  JavaThread "main" [_thread_in_native, id=7644, stack(0x0000000002210000,0x0000000002310000)]

siginfo: ExceptionCode=0xc0000005, reading address 0x0000000000000000

Registers:
RAX=0x0000000052ef426c, RBX=0x00000000197c03a8, RCX=0x000000001e51af74, RDX=0x0000000000000000
RSP=0x000000000230f1a8, RBP=0x0000000000000002, RSI=0x0000000000000003, RDI=0x000000001e51af74
R8 =0x000000000000000c, R9 =0x0000000051ae0000, R10=0x000000001e51af74, R11=0x000000001e51af74
R12=0x0000000000000000, R13=0x0000000051ae0000, R14=0x0000000000000002, R15=0x00000000197c0108
RIP=0x0000000052ef426c, EFLAGS=0x0000000000010206

Top of Stack: (sp=0x000000000230f1a8)
0x000000000230f1a8:   000000005255487c 0000000016a60208
0x000000000230f1b8:   000000000230f320 000000000220e980
0x000000000230f1c8:   00000000523fb2fb 0000000000000000
0x000000000230f1d8:   0000000000000000 0000000000000000
0x000000000230f1e8:   000000000000e10b 00000000197c0108
0x000000000230f1f8:   000000005255544e 00000000197bf080
0x000000000230f208:   0000000000000003 0000000000000004
0x000000000230f218:   0000000002425cc6 0000000002310800
0x000000000230f228:   000000000230f320 0000000016a60208
0x000000000230f238:   0000000000000000 0000000000000af4
0x000000000230f248:   0000000002425e34 0000000016a60208
0x000000000230f258:   000000000230f2e0 0000000000000188
0x000000000230f268:   0000000002425b9d 0000000000000000
0x000000000230f278:   0000000000000003 0000000000000188
0x000000000230f288:   0000000002310800 000000000230f398
0x000000000230f298:   0000000002425b62 000000000230f2a0 

Instructions: (pc=0x0000000052ef426c)
0x0000000052ef424c:   8b c3 c3 48 0f b6 02 48 0f b7 4a 01 48 8b 52 03
0x0000000052ef425c:   41 88 02 66 41 89 4a 01 49 89 52 03 49 8b c3 c3
0x0000000052ef426c:   8b 02 48 8b 4a 04 41 89 02 49 89 4a 04 49 8b c3
0x0000000052ef427c:   c3 48 0f b6 02 8b 4a 01 48 8b 52 05 41 88 02 41 


Register to memory mapping:

RAX=0x0000000052ef426c is an unknown value
RBX=0x00000000197c03a8 is an unknown value
RCX=0x000000001e51af74 is an unknown value
RDX=0x0000000000000000 is an unknown value
RSP=0x000000000230f1a8 is pointing into the stack for thread: 0x0000000002310800
RBP=0x0000000000000002 is an unknown value
RSI=0x0000000000000003 is an unknown value
RDI=0x000000001e51af74 is an unknown value
R8 =0x000000000000000c is an unknown value
R9 =0x0000000051ae0000 is an unknown value
R10=0x000000001e51af74 is an unknown value
R11=0x000000001e51af74 is an unknown value
R12=0x0000000000000000 is an unknown value
R13=0x0000000051ae0000 is an unknown value
R14=0x0000000000000002 is an unknown value
R15=0x00000000197c0108 is an unknown value


Stack: [0x0000000002210000,0x0000000002310000],  sp=0x000000000230f1a8,  free space=1020k
Native frames: (J=compiled Java code, j=interpreted, Vv=VM code, C=native code)
C  [nvoglv64.DLL+0x141426c]
C  [nvoglv64.DLL+0xa7487c]
C  [nvoglv64.DLL+0xa7544e]
C  0x0000000002425e34

Java frames: (J=compiled Java code, j=interpreted, Vv=VM code)
j  org.lwjgl.system.JNI.callIIIV(JIII)V+0
j  org.lwjgl.opengl.GL11.glDrawArrays(III)V+11
j  models.VerticesModel.render()V+28
j  main.MainGameLoop.run()V+92
j  main.MainGameLoop.main([Ljava/lang/String;)V+7
v  ~StubRoutines::call_stub

---------------  P R O C E S S  ---------------

Java Threads: ( => current thread )
  0x0000000018911800 JavaThread "Service Thread" daemon [_thread_blocked, id=7452, stack(0x0000000018cf0000,0x0000000018df0000)]
  0x0000000016fb9800 JavaThread "C1 CompilerThread2" daemon [_thread_blocked, id=8196, stack(0x00000000187f0000,0x00000000188f0000)]
  0x0000000016fb7000 JavaThread "C2 CompilerThread1" daemon [_thread_blocked, id=7720, stack(0x00000000186f0000,0x00000000187f0000)]
  0x0000000016fac800 JavaThread "C2 CompilerThread0" daemon [_thread_blocked, id=10496, stack(0x00000000185f0000,0x00000000186f0000)]
  0x0000000016faa800 JavaThread "Attach Listener" daemon [_thread_blocked, id=3848, stack(0x00000000184f0000,0x00000000185f0000)]
  0x0000000016fa9000 JavaThread "Signal Dispatcher" daemon [_thread_blocked, id=7264, stack(0x00000000183f0000,0x00000000184f0000)]
  0x0000000016f9a000 JavaThread "Finalizer" daemon [_thread_blocked, id=8284, stack(0x0000000018210000,0x0000000018310000)]
  0x00000000023ff000 JavaThread "Reference Handler" daemon [_thread_blocked, id=3424, stack(0x0000000018110000,0x0000000018210000)]
=>0x0000000002310800 JavaThread "main" [_thread_in_native, id=7644, stack(0x0000000002210000,0x0000000002310000)]

Other Threads:
  0x0000000016f77800 VMThread [stack: 0x0000000018010000,0x0000000018110000] [id=9580]
  0x000000001892e000 WatcherThread [stack: 0x0000000018df0000,0x0000000018ef0000] [id=4020]

VM state:not at safepoint (normal execution)

VM Mutex/Monitor currently owned by a thread: None

Heap:
 PSYoungGen      total 38400K, used 12392K [0x00000000d5a00000, 0x00000000d8480000, 0x0000000100000000)
  eden space 33280K, 37% used [0x00000000d5a00000,0x00000000d661a018,0x00000000d7a80000)
  from space 5120K, 0% used [0x00000000d7f80000,0x00000000d7f80000,0x00000000d8480000)
  to   space 5120K, 0% used [0x00000000d7a80000,0x00000000d7a80000,0x00000000d7f80000)
 ParOldGen       total 87552K, used 0K [0x0000000080e00000, 0x0000000086380000, 0x00000000d5a00000)
  object space 87552K, 0% used [0x0000000080e00000,0x0000000080e00000,0x0000000086380000)
 Metaspace       used 7331K, capacity 8320K, committed 8576K, reserved 1056768K
  class space    used 580K, capacity 624K, committed 640K, reserved 1048576K

Card table byte_map: [0x00000000117d0000,0x0000000011bd0000] byte_map_base: 0x00000000113c9000

Marking Bits: (ParMarkBitMap*) 0x0000000055430600
 Begin Bits: [0x0000000012280000, 0x0000000014248000)
 End Bits:   [0x0000000014248000, 0x0000000016210000)

Polling page: 0x0000000000b50000

CodeCache: size=245760Kb used=1987Kb max_used=1999Kb free=243772Kb
 bounds [0x0000000002410000, 0x0000000002680000, 0x0000000011410000]
 total_blobs=976 nmethods=330 adapters=559
 compilation: enabled

Compilation events (10 events):
Event: 0.351 Thread 0x0000000016fb9800  327       3       java.util.jar.JarFile::maybeInstantiateVerifier (96 bytes)
Event: 0.351 Thread 0x0000000016fb9800 nmethod 327 0x00000000025fecd0 code [0x00000000025fef00, 0x00000000025ffb88]
Event: 0.351 Thread 0x0000000016fb9800  323  s    3       sun.misc.URLClassPath::knownToNotExist (24 bytes)
Event: 0.352 Thread 0x0000000016fb9800 nmethod 323 0x00000000025fc290 code [0x00000000025fc400, 0x00000000025fc7c8]
Event: 0.352 Thread 0x0000000016fb7000  328       4       java.util.Arrays::copyOfRange (63 bytes)
Event: 0.352 Thread 0x0000000016fb9800  329       3       java.lang.StringBuffer::<init> (6 bytes)
Event: 0.352 Thread 0x0000000016fb9800 nmethod 329 0x00000000025fbd50 code [0x00000000025fbec0, 0x00000000025fc170]
Event: 0.352 Thread 0x0000000016fb9800  330  s    3       java.lang.StringBuffer::toString (36 bytes)
Event: 0.353 Thread 0x0000000016fb9800 nmethod 330 0x0000000002601590 code [0x0000000002601720, 0x0000000002601bc8]
Event: 0.353 Thread 0x0000000016fb7000 nmethod 328 0x00000000025fb890 code [0x00000000025fb9e0, 0x00000000025fbbf8]

GC Heap History (0 events):
No events

Deoptimization events (0 events):
No events

Internal exceptions (6 events):
Event: 0.020 Thread 0x0000000002310800 Exception <a 'java/lang/NoSuchMethodError': Method sun.misc.Unsafe.defineClass(Ljava/lang/String;[BII)Ljava/lang/Class; name or signature does not match> (0x00000000d5a07cc0) thrown at [D:\re\workspace\8-2-build-windows-amd64-cygwin\jdk8u77\6540\hotspot\sro4o˜]”?
Event: 0.020 Thread 0x0000000002310800 Exception <a 'java/lang/NoSuchMethodError': Method sun.misc.Unsafe.prefetchRead(Ljava/lang/Object;J)V name or signature does not match> (0x00000000d5a07fa8) thrown at [D:\re\workspace\8-2-build-windows-amd64-cygwin\jdk8u77\6540\hotspot\src\share\vm\prims\j)’îîÉ†Í?
Event: 0.231 Thread 0x0000000002310800 Exception <a 'java/security/PrivilegedActionException'> (0x00000000d5cfee68) thrown at [D:\re\workspace\8-2-build-windows-amd64-cygwin\jdk8u77\6540\hotspot\src\share\vm\prims\jvm.cpp, line 1386]
Event: 0.231 Thread 0x0000000002310800 Exception <a 'java/security/PrivilegedActionException'> (0x00000000d5cff260) thrown at [D:\re\workspace\8-2-build-windows-amd64-cygwin\jdk8u77\6540\hotspot\src\share\vm\prims\jvm.cpp, line 1386]
Event: 0.231 Thread 0x0000000002310800 Exception <a 'java/security/PrivilegedActionException'> (0x00000000d5d031d8) thrown at [D:\re\workspace\8-2-build-windows-amd64-cygwin\jdk8u77\6540\hotspot\src\share\vm\prims\jvm.cpp, line 1386]
Event: 0.231 Thread 0x0000000002310800 Exception <a 'java/security/PrivilegedActionException'> (0x00000000d5d035d0) thrown at [D:\re\workspace\8-2-build-windows-amd64-cygwin\jdk8u77\6540\hotspot\src\share\vm\prims\jvm.cpp, line 1386]

Events (10 events):
Event: 0.352 loading class sun/misc/ExtensionDependency
Event: 0.352 loading class sun/misc/ExtensionDependency done
Event: 0.352 loading class sun/misc/IOUtils
Event: 0.352 loading class sun/misc/IOUtils done
Event: 0.353 loading class org/lwjgl/glfw/EventLoop$OnScreen
Event: 0.353 loading class org/lwjgl/glfw/EventLoop$OnScreen done
Event: 0.353 loading class models/VerticesModel
Event: 0.353 loading class models/VerticesModel done
Event: 0.354 loading class org/lwjgl/opengl/GLChecks
Event: 0.354 loading class org/lwjgl/opengl/GLChecks done


Dynamic libraries:
0x00007ff6cddd0000 - 0x00007ff6cde07000 	C:\Program Files\Java\jre1.8.0_77\bin\javaw.exe
0x00007ffcb6220000 - 0x00007ffcb63e2000 	C:\WINDOWS\SYSTEM32\ntdll.dll
0x00007ffcb3e40000 - 0x00007ffcb3eed000 	C:\WINDOWS\system32\KERNEL32.DLL
0x00007ffcb2e00000 - 0x00007ffcb2fdd000 	C:\WINDOWS\system32\KERNELBASE.dll
0x00007ffcb3d90000 - 0x00007ffcb3e36000 	C:\WINDOWS\system32\ADVAPI32.dll
0x00007ffcb6090000 - 0x00007ffcb612d000 	C:\WINDOWS\system32\msvcrt.dll
0x00007ffcb5e50000 - 0x00007ffcb5eab000 	C:\WINDOWS\system32\sechost.dll
0x00007ffcb3f10000 - 0x00007ffcb4036000 	C:\WINDOWS\system32\RPCRT4.dll
0x00007ffcb3a30000 - 0x00007ffcb3b7e000 	C:\WINDOWS\system32\USER32.dll
0x00007ffcb5cc0000 - 0x00007ffcb5e46000 	C:\WINDOWS\system32\GDI32.dll
0x00007ffcad770000 - 0x00007ffcad9e4000 	C:\WINDOWS\WinSxS\amd64_microsoft.windows.common-controls_6595b64144ccf1df_6.0.10240.16384_none_f41f7b285750ef43\COMCTL32.dll
0x00007ffcb3d30000 - 0x00007ffcb3d66000 	C:\WINDOWS\system32\IMM32.DLL
0x00007ffcb5b60000 - 0x00007ffcb5cbc000 	C:\WINDOWS\system32\MSCTF.dll
0x0000000053d80000 - 0x0000000053e52000 	C:\Program Files\Java\jre1.8.0_77\bin\msvcr100.dll
0x0000000054c20000 - 0x00000000554b0000 	C:\Program Files\Java\jre1.8.0_77\bin\server\jvm.dll
0x00007ffcb6080000 - 0x00007ffcb6088000 	C:\WINDOWS\system32\PSAPI.DLL
0x00007ffca8ab0000 - 0x00007ffca8ab9000 	C:\WINDOWS\SYSTEM32\WSOCK32.dll
0x00007ffcb1170000 - 0x00007ffcb1193000 	C:\WINDOWS\SYSTEM32\WINMM.dll
0x00007ffcb61b0000 - 0x00007ffcb6219000 	C:\WINDOWS\system32\WS2_32.dll
0x00007ffcb4530000 - 0x00007ffcb4538000 	C:\WINDOWS\system32\NSI.dll
0x00007ffcaf280000 - 0x00007ffcaf28a000 	C:\WINDOWS\SYSTEM32\VERSION.dll
0x00007ffcb1110000 - 0x00007ffcb113c000 	C:\WINDOWS\SYSTEM32\WINMMBASE.dll
0x00007ffcb2c90000 - 0x00007ffcb2cd4000 	C:\WINDOWS\system32\cfgmgr32.dll
0x00007ffcb1580000 - 0x00007ffcb15a7000 	C:\WINDOWS\SYSTEM32\DEVOBJ.dll
0x0000000056000000 - 0x000000005600f000 	C:\Program Files\Java\jre1.8.0_77\bin\verify.dll
0x0000000055d40000 - 0x0000000055d69000 	C:\Program Files\Java\jre1.8.0_77\bin\java.dll
0x0000000055d20000 - 0x0000000055d36000 	C:\Program Files\Java\jre1.8.0_77\bin\zip.dll
0x00007ffcb45f0000 - 0x00007ffcb5b58000 	C:\WINDOWS\system32\SHELL32.dll
0x00007ffcb2fe0000 - 0x00007ffcb3608000 	C:\WINDOWS\system32\windows.storage.dll
0x00007ffcb4160000 - 0x00007ffcb43dc000 	C:\WINDOWS\system32\combase.dll
0x00007ffcb3890000 - 0x00007ffcb38e1000 	C:\WINDOWS\system32\shlwapi.dll
0x00007ffcb2c60000 - 0x00007ffcb2c6f000 	C:\WINDOWS\system32\kernel.appcore.dll
0x00007ffcb2d40000 - 0x00007ffcb2df3000 	C:\WINDOWS\system32\shcore.dll
0x00007ffcb2bf0000 - 0x00007ffcb2c3a000 	C:\WINDOWS\system32\powrprof.dll
0x00007ffcb2c40000 - 0x00007ffcb2c53000 	C:\WINDOWS\system32\profapi.dll
0x00007ffcb4040000 - 0x00007ffcb40fe000 	C:\WINDOWS\system32\OLEAUT32.dll
0x00007ffc97210000 - 0x00007ffc97298000 	E:\Eclipse Workspace\LWJGL3\lib\native\lwjgl.dll
0x00007ffcb25d0000 - 0x00007ffcb25db000 	C:\WINDOWS\SYSTEM32\CRYPTBASE.DLL
0x00007ffcb2a10000 - 0x00007ffcb2a7b000 	C:\WINDOWS\SYSTEM32\bcryptPrimitives.dll
0x00007ffc971c0000 - 0x00007ffc97202000 	E:\Eclipse Workspace\LWJGL3\lib\native\jemalloc.dll
0x00007ffc969f0000 - 0x00007ffc96a28000 	E:\Eclipse Workspace\LWJGL3\lib\native\glfw.dll
0x00007ffcb14c0000 - 0x00007ffcb1556000 	C:\WINDOWS\system32\uxtheme.dll
0x00007ffcb0900000 - 0x00007ffcb0922000 	C:\WINDOWS\SYSTEM32\dwmapi.dll
0x00007ffc8e430000 - 0x00007ffc8e558000 	C:\WINDOWS\SYSTEM32\opengl32.dll
0x00007ffc99e90000 - 0x00007ffc99ebe000 	C:\WINDOWS\SYSTEM32\GLU32.dll
0x00007ffc90f90000 - 0x00007ffc91086000 	C:\WINDOWS\SYSTEM32\DDRAW.dll
0x00007ffcaef60000 - 0x00007ffcaef68000 	C:\WINDOWS\SYSTEM32\DCIMAN32.dll
0x0000000053e60000 - 0x0000000053e94000 	E:\Fraps\fraps64.dll
0x0000000051ae0000 - 0x0000000053932000 	C:\WINDOWS\SYSTEM32\nvoglv64.DLL
0x00007ffcb5eb0000 - 0x00007ffcb6075000 	C:\WINDOWS\system32\SETUPAPI.dll
0x00007ffcb0ed0000 - 0x00007ffcb0ee3000 	C:\WINDOWS\SYSTEM32\WTSAPI32.dll
0x00007ffc962d0000 - 0x00007ffc9645a000 	C:\WINDOWS\SYSTEM32\dbghelp.dll
0x00007ffcb2ce0000 - 0x00007ffcb2d34000 	C:\WINDOWS\system32\WINTRUST.dll
0x00007ffcb2c70000 - 0x00007ffcb2c81000 	C:\WINDOWS\system32\MSASN1.dll
0x00007ffcb3610000 - 0x00007ffcb37d1000 	C:\WINDOWS\system32\CRYPT32.dll
0x00007ffcb1f30000 - 0x00007ffcb1f62000 	C:\WINDOWS\SYSTEM32\ntmarta.dll
0x00007ffcb2660000 - 0x00007ffcb26b8000 	C:\WINDOWS\SYSTEM32\WINSTA.dll

VM Arguments:
jvm_args: -Djava.library.path=E:\Eclipse Workspace\LWJGL3\lib\native -Dfile.encoding=Cp1252 
java_command: main.MainGameLoop
java_class_path (initial): E:\Eclipse Workspace\LWJGL3\bin;E:\Eclipse Workspace\LWJGL3\lib\jar\lwjgl.jar;E:\Eclipse Workspace\LWJGL2\lib\jars\lwjgl_util.jar;E:\Eclipse Workspace\LWJGL2\lib\jars\slick-util.jar
Launcher Type: SUN_STANDARD

Environment Variables:
JAVA_HOME=C:\Program Files\Java\jre1.8.0_77
PATH=C:/Program Files/Java/jre1.8.0_77/bin/server;C:/Program Files/Java/jre1.8.0_77/bin;C:/Program Files/Java/jre1.8.0_77/lib/amd64;C:\ProgramData\Oracle\Java\javapath;C:\Program Files\Java\jdk1.8.0_74\bin;C:\Program Files\Java\jre1.8.0_77\bin;C:\Program Files\Common Files\Microsoft Shared\Windows Live;C:\Program Files (x86)\Common Files\Microsoft Shared\Windows Live;C:\Program Files (x86)\Intel\iCLS Client\;C:\Program Files\Intel\iCLS Client\;C:\WINDOWS\system32;C:\WINDOWS;C:\WINDOWS\System32\Wbem;C:\WINDOWS\System32\WindowsPowerShell\v1.0\;C:\Program Files (x86)\Windows Live\Shared;C:\Program Files (x86)\NVIDIA Corporation\PhysX\Common;C:\Program Files (x86)\QuickTime\QTSystem\;C:\Program Files (x86)\Intel\Intel(R) Management Engine Components\DAL;C:\Program Files\Intel\Intel(R) Management Engine Components\DAL;C:\Program Files (x86)\Intel\Intel(R) Management Engine Components\IPT;C:\Program Files\Intel\Intel(R) Management Engine Components\IPT;E:\Skype\Phone\;C:\Program Files (x86)\GtkSharp\2.12\bin;E:\eclipse-jee-mars-R-win32-x86_64\eclipse;
USERNAME=Brain
OS=Windows_NT
PROCESSOR_IDENTIFIER=Intel64 Family 6 Model 60 Stepping 3, GenuineIntel



---------------  S Y S T E M  ---------------

OS: Windows 10.0 , 64 bit Build 10240 (10.0.10240.16384)

CPU:total 4 (4 cores per cpu, 1 threads per core) family 6 model 60 stepping 3, cmov, cx8, fxsr, mmx, sse, sse2, sse3, ssse3, sse4.1, sse4.2, popcnt, avx, avx2, aes, clmul, erms, lzcnt, tsc, tscinvbit, bmi1, bmi2

Memory: 4k page, physical 8330504k(559480k free), swap 18291976k(4969692k free)

vm_info: Java HotSpot(TM) 64-Bit Server VM (25.77-b03) for windows-amd64 JRE (1.8.0_77-b03), built on Mar 20 2016 22:01:33 by "java_re" with MS VC++ 10.0 (VS2010)

time: Fri Apr 22 14:58:36 2016
elapsed time: 0 seconds (0d 0h 0m 0s)

