#
# A fatal error has been detected by the Java Runtime Environment:
#
#  EXCEPTION_ACCESS_VIOLATION (0xc0000005) at pc=0x00000000525555b8, pid=4656, tid=9120
#
# JRE version: Java(TM) SE Runtime Environment (8.0_77-b03) (build 1.8.0_77-b03)
# Java VM: Java HotSpot(TM) 64-Bit Server VM (25.77-b03 mixed mode windows-amd64 compressed oops)
# Problematic frame:
# C  [nvoglv64.DLL+0xa755b8]
#
# Failed to write core dump. Minidumps are not enabled by default on client versions of Windows
#
# If you would like to submit a bug report, please visit:
#   http://bugreport.java.com/bugreport/crash.jsp
# The crash happened outside the Java Virtual Machine in native code.
# See problematic frame for where to report the bug.
#

---------------  T H R E A D  ---------------

Current thread (0x0000000002ed0800):  JavaThread "main" [_thread_in_native, id=9120, stack(0x0000000002dd0000,0x0000000002ed0000)]

siginfo: ExceptionCode=0xc0000005, reading address 0x0000000000000000

Registers:
RAX=0x0000000000000003, RBX=0x0000000000000000, RCX=0x0000742547b96c0a, RDX=0x000000325319ce71
RSP=0x0000000002ecf3f0, RBP=0x0000000000000003, RSI=0x000000001a3f2080, RDI=0x000000001a3f2080
R8 =0x00000000000001be, R9 =0x0000000000000000, R10=0x0000000000000002, R11=0x0000000054e496f0
R12=0x0000000000000000, R13=0x000000001a3f3108, R14=0x0000000000001405, R15=0x0000000000000000
RIP=0x00000000525555b8, EFLAGS=0x0000000000010246

Top of Stack: (sp=0x0000000002ecf3f0)
0x0000000002ecf3f0:   0000000000000004 0000000002ed0800
0x0000000002ecf400:   0000000000000000 0000000002ecf5f8
0x0000000002ecf410:   0000000000000000 0000000000000000
0x0000000002ecf420:   0000000002ecf400 0000000000000000
0x0000000002ecf430:   0000000000000000 00007ffc952e3360
0x0000000002ecf440:   0000000000000004 0000000000000003
0x0000000002ecf450:   00000000176200d8 0000000000001405
0x0000000002ecf460:   0000000000000188 0000000000000000
0x0000000002ecf470:   0000000000000000 0000000052230946
0x0000000002ecf480:   000000001a3f3108 0000000000000004
0x0000000002ecf490:   000000001a3f2080 000000000157ea20
0x0000000002ecf4a0:   0000000000000003 000000000000000c
0x0000000002ecf4b0:   0000000000000000 0000000000000000
0x0000000002ecf4c0:   0000000017620000 0000000002ed0800
0x0000000002ecf4d0:   0000000000000af4 0000000002fe5cc6
0x0000000002ecf4e0:   0000000002ed0800 0000000002ecf5f8 

Instructions: (pc=0x00000000525555b8)
0x0000000052555598:   89 bc 24 a0 00 00 00 e8 3c 5d ea ff 41 81 fe 05
0x00000000525555a8:   14 00 00 75 1f 48 8b 9c 24 c0 00 00 00 48 63 c5
0x00000000525555b8:   8b 0b 8b 54 83 fc 3b ca 8b fa 0f 47 f9 0f 42 d1
0x00000000525555c8:   2b fa eb 6a 41 81 fe 03 14 00 00 75 29 48 8b 9c 


Register to memory mapping:

RAX=0x0000000000000003 is an unknown value
RBX=0x0000000000000000 is an unknown value
RCX=0x0000742547b96c0a is an unknown value
RDX=0x000000325319ce71 is an unknown value
RSP=0x0000000002ecf3f0 is pointing into the stack for thread: 0x0000000002ed0800
RBP=0x0000000000000003 is an unknown value
RSI=0x000000001a3f2080 is an unknown value
RDI=0x000000001a3f2080 is an unknown value
R8 =0x00000000000001be is an unknown value
R9 =0x0000000000000000 is an unknown value
R10=0x0000000000000002 is an unknown value
R11=0x0000000054e496f0 is an unknown value
R12=0x0000000000000000 is an unknown value
R13=0x000000001a3f3108 is an unknown value
R14=0x0000000000001405 is an unknown value
R15=0x0000000000000000 is an unknown value


Stack: [0x0000000002dd0000,0x0000000002ed0000],  sp=0x0000000002ecf3f0,  free space=1020k
Native frames: (J=compiled Java code, j=interpreted, Vv=VM code, C=native code)
C  [nvoglv64.DLL+0xa755b8]
C  [nvoglv64.DLL+0x750946]
C  0x0000000002fe5e34

Java frames: (J=compiled Java code, j=interpreted, Vv=VM code)
j  org.lwjgl.system.JNI.callIIIPV(JIIIJ)V+0
j  org.lwjgl.opengl.GL11.nglDrawElements(IIIJ)V+14
j  org.lwjgl.opengl.GL11.glDrawElements(IIIJ)V+17
j  models.VerticesModel.render()V+31
j  main.MainGameLoop.run()V+92
j  main.MainGameLoop.main([Ljava/lang/String;)V+7
v  ~StubRoutines::call_stub

---------------  P R O C E S S  ---------------

Java Threads: ( => current thread )
  0x00000000193e6000 JavaThread "Service Thread" daemon [_thread_blocked, id=7780, stack(0x00000000198d0000,0x00000000199d0000)]
  0x0000000017bcc000 JavaThread "C1 CompilerThread2" daemon [_thread_blocked, id=6360, stack(0x00000000197d0000,0x00000000198d0000)]
  0x0000000017b73800 JavaThread "C2 CompilerThread1" daemon [_thread_blocked, id=6344, stack(0x00000000192d0000,0x00000000193d0000)]
  0x0000000017b6c800 JavaThread "C2 CompilerThread0" daemon [_thread_blocked, id=10552, stack(0x00000000191d0000,0x00000000192d0000)]
  0x0000000017b6a800 JavaThread "Attach Listener" daemon [_thread_blocked, id=3132, stack(0x00000000190d0000,0x00000000191d0000)]
  0x0000000017b69800 JavaThread "Signal Dispatcher" daemon [_thread_blocked, id=2272, stack(0x0000000018fd0000,0x00000000190d0000)]
  0x0000000017b5a000 JavaThread "Finalizer" daemon [_thread_blocked, id=2192, stack(0x0000000018df0000,0x0000000018ef0000)]
  0x0000000002fbf000 JavaThread "Reference Handler" daemon [_thread_blocked, id=6968, stack(0x0000000018cf0000,0x0000000018df0000)]
=>0x0000000002ed0800 JavaThread "main" [_thread_in_native, id=9120, stack(0x0000000002dd0000,0x0000000002ed0000)]

Other Threads:
  0x0000000017b37800 VMThread [stack: 0x0000000018bf0000,0x0000000018cf0000] [id=10560]
  0x00000000193eb800 WatcherThread [stack: 0x00000000199d0000,0x0000000019ad0000] [id=10232]

VM state:not at safepoint (normal execution)

VM Mutex/Monitor currently owned by a thread: None

Heap:
 PSYoungGen      total 38400K, used 12392K [0x00000000d5a00000, 0x00000000d8480000, 0x0000000100000000)
  eden space 33280K, 37% used [0x00000000d5a00000,0x00000000d661a018,0x00000000d7a80000)
  from space 5120K, 0% used [0x00000000d7f80000,0x00000000d7f80000,0x00000000d8480000)
  to   space 5120K, 0% used [0x00000000d7a80000,0x00000000d7a80000,0x00000000d7f80000)
 ParOldGen       total 87552K, used 0K [0x0000000080e00000, 0x0000000086380000, 0x00000000d5a00000)
  object space 87552K, 0% used [0x0000000080e00000,0x0000000080e00000,0x0000000086380000)
 Metaspace       used 7336K, capacity 8320K, committed 8576K, reserved 1056768K
  class space    used 580K, capacity 624K, committed 640K, reserved 1048576K

Card table byte_map: [0x0000000012390000,0x0000000012790000] byte_map_base: 0x0000000011f89000

Marking Bits: (ParMarkBitMap*) 0x0000000055430600
 Begin Bits: [0x0000000012e40000, 0x0000000014e08000)
 End Bits:   [0x0000000014e08000, 0x0000000016dd0000)

Polling page: 0x0000000001150000

CodeCache: size=245760Kb used=1982Kb max_used=1993Kb free=243778Kb
 bounds [0x0000000002fd0000, 0x0000000003240000, 0x0000000011fd0000]
 total_blobs=972 nmethods=326 adapters=559
 compilation: enabled

Compilation events (10 events):
Event: 0.327 Thread 0x0000000017bcc000  321       3       sun.misc.Launcher$AppClassLoader::loadClass (85 bytes)
Event: 0.327 Thread 0x0000000017b73800  323       4       java.util.concurrent.ConcurrentHashMap::tabAt (21 bytes)
Event: 0.327 Thread 0x0000000017b6c800  324       4       java.util.concurrent.ConcurrentHashMap::casTabAt (20 bytes)
Event: 0.328 Thread 0x0000000017b73800 nmethod 323 0x00000000031be390 code [0x00000000031be4c0, 0x00000000031be518]
Event: 0.328 Thread 0x0000000017b6c800 nmethod 324 0x00000000031bd050 code [0x00000000031bd180, 0x00000000031bd1f8]
Event: 0.328 Thread 0x0000000017bcc000 nmethod 321 0x00000000031be6d0 code [0x00000000031be900, 0x00000000031bf608]
Event: 0.328 Thread 0x0000000017bcc000  322  s    3       sun.misc.URLClassPath::knownToNotExist (24 bytes)
Event: 0.328 Thread 0x0000000017bcc000 nmethod 322 0x00000000031c2790 code [0x00000000031c2900, 0x00000000031c2cc8]
Event: 0.329 Thread 0x0000000017b73800  326       4       java.util.Arrays::copyOfRange (63 bytes)
Event: 0.330 Thread 0x0000000017b73800 nmethod 326 0x00000000031c0dd0 code [0x00000000031c0f20, 0x00000000031c1138]

GC Heap History (0 events):
No events

Deoptimization events (0 events):
No events

Internal exceptions (6 events):
Event: 0.020 Thread 0x0000000002ed0800 Exception <a 'java/lang/NoSuchMethodError': Method sun.misc.Unsafe.defineClass(Ljava/lang/String;[BII)Ljava/lang/Class; name or signature does not match> (0x00000000d5a07cc0) thrown at [D:\re\workspace\8-2-build-windows-amd64-cygwin\jdk8u77\6540\hotspot\srÎÂÑÏãƒ”?
Event: 0.020 Thread 0x0000000002ed0800 Exception <a 'java/lang/NoSuchMethodError': Method sun.misc.Unsafe.prefetchRead(Ljava/lang/Object;J)V name or signature does not match> (0x00000000d5a07fa8) thrown at [D:\re\workspace\8-2-build-windows-amd64-cygwin\jdk8u77\6540\hotspot\src\share\vm\prims\j^!„¨î‚Ê?
Event: 0.207 Thread 0x0000000002ed0800 Exception <a 'java/security/PrivilegedActionException'> (0x00000000d5cfee68) thrown at [D:\re\workspace\8-2-build-windows-amd64-cygwin\jdk8u77\6540\hotspot\src\share\vm\prims\jvm.cpp, line 1386]
Event: 0.207 Thread 0x0000000002ed0800 Exception <a 'java/security/PrivilegedActionException'> (0x00000000d5cff260) thrown at [D:\re\workspace\8-2-build-windows-amd64-cygwin\jdk8u77\6540\hotspot\src\share\vm\prims\jvm.cpp, line 1386]
Event: 0.208 Thread 0x0000000002ed0800 Exception <a 'java/security/PrivilegedActionException'> (0x00000000d5d031d8) thrown at [D:\re\workspace\8-2-build-windows-amd64-cygwin\jdk8u77\6540\hotspot\src\share\vm\prims\jvm.cpp, line 1386]
Event: 0.208 Thread 0x0000000002ed0800 Exception <a 'java/security/PrivilegedActionException'> (0x00000000d5d035d0) thrown at [D:\re\workspace\8-2-build-windows-amd64-cygwin\jdk8u77\6540\hotspot\src\share\vm\prims\jvm.cpp, line 1386]

Events (10 events):
Event: 0.329 loading class sun/misc/ExtensionDependency
Event: 0.329 loading class sun/misc/ExtensionDependency done
Event: 0.329 loading class sun/misc/IOUtils
Event: 0.329 loading class sun/misc/IOUtils done
Event: 0.330 loading class org/lwjgl/glfw/EventLoop$OnScreen
Event: 0.330 loading class org/lwjgl/glfw/EventLoop$OnScreen done
Event: 0.330 loading class models/VerticesModel
Event: 0.330 loading class models/VerticesModel done
Event: 0.330 loading class org/lwjgl/opengl/GLChecks
Event: 0.330 loading class org/lwjgl/opengl/GLChecks done


Dynamic libraries:
0x00007ff6cddd0000 - 0x00007ff6cde07000 	C:\Program Files\Java\jre1.8.0_77\bin\javaw.exe
0x00007ffcb6220000 - 0x00007ffcb63e2000 	C:\WINDOWS\SYSTEM32\ntdll.dll
0x00007ffcb3e40000 - 0x00007ffcb3eed000 	C:\WINDOWS\system32\KERNEL32.DLL
0x00007ffcb2e00000 - 0x00007ffcb2fdd000 	C:\WINDOWS\system32\KERNELBASE.dll
0x00007ffcb3d90000 - 0x00007ffcb3e36000 	C:\WINDOWS\system32\ADVAPI32.dll
0x00007ffcb6090000 - 0x00007ffcb612d000 	C:\WINDOWS\system32\msvcrt.dll
0x00007ffcb5e50000 - 0x00007ffcb5eab000 	C:\WINDOWS\system32\sechost.dll
0x00007ffcb3f10000 - 0x00007ffcb4036000 	C:\WINDOWS\system32\RPCRT4.dll
0x00007ffcb3a30000 - 0x00007ffcb3b7e000 	C:\WINDOWS\system32\USER32.dll
0x00007ffcb5cc0000 - 0x00007ffcb5e46000 	C:\WINDOWS\system32\GDI32.dll
0x00007ffcad770000 - 0x00007ffcad9e4000 	C:\WINDOWS\WinSxS\amd64_microsoft.windows.common-controls_6595b64144ccf1df_6.0.10240.16384_none_f41f7b285750ef43\COMCTL32.dll
0x00007ffcb3d30000 - 0x00007ffcb3d66000 	C:\WINDOWS\system32\IMM32.DLL
0x00007ffcb5b60000 - 0x00007ffcb5cbc000 	C:\WINDOWS\system32\MSCTF.dll
0x0000000053d80000 - 0x0000000053e52000 	C:\Program Files\Java\jre1.8.0_77\bin\msvcr100.dll
0x0000000054c20000 - 0x00000000554b0000 	C:\Program Files\Java\jre1.8.0_77\bin\server\jvm.dll
0x00007ffcb6080000 - 0x00007ffcb6088000 	C:\WINDOWS\system32\PSAPI.DLL
0x00007ffca8ab0000 - 0x00007ffca8ab9000 	C:\WINDOWS\SYSTEM32\WSOCK32.dll
0x00007ffcb1170000 - 0x00007ffcb1193000 	C:\WINDOWS\SYSTEM32\WINMM.dll
0x00007ffcaf280000 - 0x00007ffcaf28a000 	C:\WINDOWS\SYSTEM32\VERSION.dll
0x00007ffcb61b0000 - 0x00007ffcb6219000 	C:\WINDOWS\system32\WS2_32.dll
0x00007ffcb4530000 - 0x00007ffcb4538000 	C:\WINDOWS\system32\NSI.dll
0x00000000015f0000 - 0x000000000161c000 	C:\WINDOWS\SYSTEM32\WINMMBASE.dll
0x00007ffcb2c90000 - 0x00007ffcb2cd4000 	C:\WINDOWS\system32\cfgmgr32.dll
0x00007ffcb1580000 - 0x00007ffcb15a7000 	C:\WINDOWS\SYSTEM32\DEVOBJ.dll
0x0000000056000000 - 0x000000005600f000 	C:\Program Files\Java\jre1.8.0_77\bin\verify.dll
0x0000000055d40000 - 0x0000000055d69000 	C:\Program Files\Java\jre1.8.0_77\bin\java.dll
0x0000000055d20000 - 0x0000000055d36000 	C:\Program Files\Java\jre1.8.0_77\bin\zip.dll
0x00007ffcb45f0000 - 0x00007ffcb5b58000 	C:\WINDOWS\system32\SHELL32.dll
0x00007ffcb2fe0000 - 0x00007ffcb3608000 	C:\WINDOWS\system32\windows.storage.dll
0x00007ffcb4160000 - 0x00007ffcb43dc000 	C:\WINDOWS\system32\combase.dll
0x00007ffcb3890000 - 0x00007ffcb38e1000 	C:\WINDOWS\system32\shlwapi.dll
0x00007ffcb2c60000 - 0x00007ffcb2c6f000 	C:\WINDOWS\system32\kernel.appcore.dll
0x00007ffcb2d40000 - 0x00007ffcb2df3000 	C:\WINDOWS\system32\shcore.dll
0x00007ffcb2bf0000 - 0x00007ffcb2c3a000 	C:\WINDOWS\system32\powrprof.dll
0x00007ffcb2c40000 - 0x00007ffcb2c53000 	C:\WINDOWS\system32\profapi.dll
0x00007ffcb4040000 - 0x00007ffcb40fe000 	C:\WINDOWS\system32\OLEAUT32.dll
0x00007ffc952b0000 - 0x00007ffc95338000 	E:\Eclipse Workspace\LWJGL3\lib\native\lwjgl.dll
0x00007ffcb25d0000 - 0x00007ffcb25db000 	C:\WINDOWS\SYSTEM32\CRYPTBASE.DLL
0x00007ffcb2a10000 - 0x00007ffcb2a7b000 	C:\WINDOWS\SYSTEM32\bcryptPrimitives.dll
0x00007ffc91c50000 - 0x00007ffc91c92000 	E:\Eclipse Workspace\LWJGL3\lib\native\jemalloc.dll
0x00007ffc969f0000 - 0x00007ffc96a28000 	E:\Eclipse Workspace\LWJGL3\lib\native\glfw.dll
0x00007ffcb14c0000 - 0x00007ffcb1556000 	C:\WINDOWS\system32\uxtheme.dll
0x00007ffcb0900000 - 0x00007ffcb0922000 	C:\WINDOWS\SYSTEM32\dwmapi.dll
0x00007ffc8e430000 - 0x00007ffc8e558000 	C:\WINDOWS\SYSTEM32\opengl32.dll
0x00007ffc99e90000 - 0x00007ffc99ebe000 	C:\WINDOWS\SYSTEM32\GLU32.dll
0x00007ffc90f90000 - 0x00007ffc91086000 	C:\WINDOWS\SYSTEM32\DDRAW.dll
0x00007ffcaef60000 - 0x00007ffcaef68000 	C:\WINDOWS\SYSTEM32\DCIMAN32.dll
0x0000000053e60000 - 0x0000000053e94000 	E:\Fraps\fraps64.dll
0x0000000051ae0000 - 0x0000000053932000 	C:\WINDOWS\SYSTEM32\nvoglv64.DLL
0x00007ffcb5eb0000 - 0x00007ffcb6075000 	C:\WINDOWS\system32\SETUPAPI.dll
0x00007ffcb0ed0000 - 0x00007ffcb0ee3000 	C:\WINDOWS\SYSTEM32\WTSAPI32.dll
0x00007ffc962d0000 - 0x00007ffc9645a000 	C:\WINDOWS\SYSTEM32\dbghelp.dll
0x00007ffcb2ce0000 - 0x00007ffcb2d34000 	C:\WINDOWS\system32\WINTRUST.dll
0x00007ffcb2c70000 - 0x00007ffcb2c81000 	C:\WINDOWS\system32\MSASN1.dll
0x00007ffcb3610000 - 0x00007ffcb37d1000 	C:\WINDOWS\system32\CRYPT32.dll
0x00007ffcb1f30000 - 0x00007ffcb1f62000 	C:\WINDOWS\SYSTEM32\ntmarta.dll
0x00007ffcb2660000 - 0x00007ffcb26b8000 	C:\WINDOWS\SYSTEM32\WINSTA.dll

VM Arguments:
jvm_args: -Djava.library.path=E:\Eclipse Workspace\LWJGL3\lib\native -Dfile.encoding=Cp1252 
java_command: main.MainGameLoop
java_class_path (initial): E:\Eclipse Workspace\LWJGL3\bin;E:\Eclipse Workspace\LWJGL3\lib\jar\lwjgl.jar;E:\Eclipse Workspace\LWJGL2\lib\jars\lwjgl_util.jar;E:\Eclipse Workspace\LWJGL2\lib\jars\slick-util.jar
Launcher Type: SUN_STANDARD

Environment Variables:
JAVA_HOME=C:\Program Files\Java\jre1.8.0_77
PATH=C:/Program Files/Java/jre1.8.0_77/bin/server;C:/Program Files/Java/jre1.8.0_77/bin;C:/Program Files/Java/jre1.8.0_77/lib/amd64;C:\ProgramData\Oracle\Java\javapath;C:\Program Files\Java\jdk1.8.0_74\bin;C:\Program Files\Java\jre1.8.0_77\bin;C:\Program Files\Common Files\Microsoft Shared\Windows Live;C:\Program Files (x86)\Common Files\Microsoft Shared\Windows Live;C:\Program Files (x86)\Intel\iCLS Client\;C:\Program Files\Intel\iCLS Client\;C:\WINDOWS\system32;C:\WINDOWS;C:\WINDOWS\System32\Wbem;C:\WINDOWS\System32\WindowsPowerShell\v1.0\;C:\Program Files (x86)\Windows Live\Shared;C:\Program Files (x86)\NVIDIA Corporation\PhysX\Common;C:\Program Files (x86)\QuickTime\QTSystem\;C:\Program Files (x86)\Intel\Intel(R) Management Engine Components\DAL;C:\Program Files\Intel\Intel(R) Management Engine Components\DAL;C:\Program Files (x86)\Intel\Intel(R) Management Engine Components\IPT;C:\Program Files\Intel\Intel(R) Management Engine Components\IPT;E:\Skype\Phone\;C:\Program Files (x86)\GtkSharp\2.12\bin;E:\eclipse-jee-mars-R-win32-x86_64\eclipse;
USERNAME=Brain
OS=Windows_NT
PROCESSOR_IDENTIFIER=Intel64 Family 6 Model 60 Stepping 3, GenuineIntel



---------------  S Y S T E M  ---------------

OS: Windows 10.0 , 64 bit Build 10240 (10.0.10240.16384)

CPU:total 4 (4 cores per cpu, 1 threads per core) family 6 model 60 stepping 3, cmov, cx8, fxsr, mmx, sse, sse2, sse3, ssse3, sse4.1, sse4.2, popcnt, avx, avx2, aes, clmul, erms, lzcnt, tsc, tscinvbit, bmi1, bmi2

Memory: 4k page, physical 8330504k(675252k free), swap 18291976k(4985144k free)

vm_info: Java HotSpot(TM) 64-Bit Server VM (25.77-b03) for windows-amd64 JRE (1.8.0_77-b03), built on Mar 20 2016 22:01:33 by "java_re" with MS VC++ 10.0 (VS2010)

time: Fri Apr 22 14:56:23 2016
elapsed time: 0 seconds (0d 0h 0m 0s)

