#
# A fatal error has been detected by the Java Runtime Environment:
#
#  EXCEPTION_ACCESS_VIOLATION (0xc0000005) at pc=0x000000006534426c, pid=4796, tid=576
#
# JRE version: Java(TM) SE Runtime Environment (8.0_77-b03) (build 1.8.0_77-b03)
# Java VM: Java HotSpot(TM) 64-Bit Server VM (25.77-b03 mixed mode windows-amd64 compressed oops)
# Problematic frame:
# C  [nvoglv64.DLL+0x141426c]
#
# Failed to write core dump. Minidumps are not enabled by default on client versions of Windows
#
# If you would like to submit a bug report, please visit:
#   http://bugreport.java.com/bugreport/crash.jsp
# The crash happened outside the Java Virtual Machine in native code.
# See problematic frame for where to report the bug.
#

---------------  T H R E A D  ---------------

Current thread (0x00000000028d0800):  JavaThread "main" [_thread_in_native, id=576, stack(0x00000000027d0000,0x00000000028d0000)]

siginfo: ExceptionCode=0xc0000005, reading address 0x0000000000000000

Registers:
RAX=0x000000006534426c, RBX=0x000000001eafae10, RCX=0x000000001eafae2c, RDX=0x0000000000000000
RSP=0x00000000028cf2b8, RBP=0x0000000000000000, RSI=0x0000000000000038, RDI=0x0000000019cd8080
R8 =0x000000000000000c, R9 =0x0000000063f30000, R10=0x000000001eafae2c, R11=0x000000001eafae2c
R12=0x0000000000001405, R13=0x000000000000000c, R14=0x0000000000000003, R15=0x0000000000000004
RIP=0x000000006534426c, EFLAGS=0x0000000000010206

Top of Stack: (sp=0x00000000028cf2b8)
0x00000000028cf2b8:   000000006468087c 000000000271e980
0x00000000028cf2c8:   000000006648a496 00000000028cf868
0x00000000028cf2d8:   000000000271ea20 00000000000003d8
0x00000000028cf2e8:   000000000271ea30 00000000170200d8
0x00000000028cf2f8:   00000000028d0800 00000000170200d8
0x00000000028cf308:   00000000028d0800 0000000000000aff
0x00000000028cf318:   00000000029e5cc6 00000000028d0800
0x00000000028cf328:   00000000028cf440 0000000000000000
0x00000000028cf338:   0000000000000aff 00000000028cf3f0
0x00000000028cf348:   00000000029e5e34 0000000000000188
0x00000000028cf358:   00000000028cf300 00000000170200d8
0x00000000028cf368:   00000000170200d8 0000000000000003
0x00000000028cf378:   0000000000001405 0000000000000000
0x00000000028cf388:   00000000170200d8 0000000000000188
0x00000000028cf398:   00000000028d0800 00000000028cf4c8
0x00000000028cf3a8:   00000000029e5b62 00000000028cf3b0 

Instructions: (pc=0x000000006534426c)
0x000000006534424c:   8b c3 c3 48 0f b6 02 48 0f b7 4a 01 48 8b 52 03
0x000000006534425c:   41 88 02 66 41 89 4a 01 49 89 52 03 49 8b c3 c3
0x000000006534426c:   8b 02 48 8b 4a 04 41 89 02 49 89 4a 04 49 8b c3
0x000000006534427c:   c3 48 0f b6 02 8b 4a 01 48 8b 52 05 41 88 02 41 


Register to memory mapping:

RAX=0x000000006534426c is an unknown value
RBX=0x000000001eafae10 is an unknown value
RCX=0x000000001eafae2c is an unknown value
RDX=0x0000000000000000 is an unknown value
RSP=0x00000000028cf2b8 is pointing into the stack for thread: 0x00000000028d0800
RBP=0x0000000000000000 is an unknown value
RSI=0x0000000000000038 is an unknown value
RDI=0x0000000019cd8080 is an unknown value
R8 =0x000000000000000c is an unknown value
R9 =0x0000000063f30000 is an unknown value
R10=0x000000001eafae2c is an unknown value
R11=0x000000001eafae2c is an unknown value
R12=0x0000000000001405 is an unknown value
R13=0x000000000000000c is an unknown value
R14=0x0000000000000003 is an unknown value
R15=0x0000000000000004 is an unknown value


Stack: [0x00000000027d0000,0x00000000028d0000],  sp=0x00000000028cf2b8,  free space=1020k
Native frames: (J=compiled Java code, j=interpreted, Vv=VM code, C=native code)

Java frames: (J=compiled Java code, j=interpreted, Vv=VM code)
j  org.lwjgl.system.JNI.callIIIPV(JIIIJ)V+0
j  org.lwjgl.opengl.GL11.nglDrawElements(IIIJ)V+14
j  org.lwjgl.opengl.GL11.glDrawElements(IIIJ)V+17
j  models.VerticesModel.render()V+20
j  main.MainGameLoop.run()V+120
j  main.MainGameLoop.main([Ljava/lang/String;)V+7
v  ~StubRoutines::call_stub

---------------  P R O C E S S  ---------------

Java Threads: ( => current thread )
  0x00000000175cd000 JavaThread "Service Thread" daemon [_thread_blocked, id=4936, stack(0x00000000192a0000,0x00000000193a0000)]
  0x00000000175a9000 JavaThread "C1 CompilerThread2" daemon [_thread_blocked, id=8460, stack(0x0000000018da0000,0x0000000018ea0000)]
  0x0000000017570800 JavaThread "C2 CompilerThread1" daemon [_thread_blocked, id=4036, stack(0x0000000018ca0000,0x0000000018da0000)]
  0x000000001756a800 JavaThread "C2 CompilerThread0" daemon [_thread_blocked, id=3692, stack(0x0000000018ba0000,0x0000000018ca0000)]
  0x0000000017575800 JavaThread "Attach Listener" daemon [_thread_blocked, id=344, stack(0x0000000018aa0000,0x0000000018ba0000)]
  0x0000000017574800 JavaThread "Signal Dispatcher" daemon [_thread_blocked, id=8308, stack(0x00000000189a0000,0x0000000018aa0000)]
  0x000000001755a000 JavaThread "Finalizer" daemon [_thread_blocked, id=3832, stack(0x00000000187c0000,0x00000000188c0000)]
  0x0000000017539000 JavaThread "Reference Handler" daemon [_thread_blocked, id=8972, stack(0x00000000186c0000,0x00000000187c0000)]
=>0x00000000028d0800 JavaThread "main" [_thread_in_native, id=576, stack(0x00000000027d0000,0x00000000028d0000)]

Other Threads:
  0x0000000017537800 VMThread [stack: 0x00000000185c0000,0x00000000186c0000] [id=9324]
  0x0000000018ec5000 WatcherThread [stack: 0x00000000193a0000,0x00000000194a0000] [id=3068]

VM state:not at safepoint (normal execution)

VM Mutex/Monitor currently owned by a thread: None

Heap:
 PSYoungGen      total 38400K, used 12221K [0x00000000d5a00000, 0x00000000d8480000, 0x0000000100000000)
  eden space 33280K, 36% used [0x00000000d5a00000,0x00000000d65ef738,0x00000000d7a80000)
  from space 5120K, 0% used [0x00000000d7f80000,0x00000000d7f80000,0x00000000d8480000)
  to   space 5120K, 0% used [0x00000000d7a80000,0x00000000d7a80000,0x00000000d7f80000)
 ParOldGen       total 87552K, used 0K [0x0000000080e00000, 0x0000000086380000, 0x00000000d5a00000)
  object space 87552K, 0% used [0x0000000080e00000,0x0000000080e00000,0x0000000086380000)
 Metaspace       used 7360K, capacity 8320K, committed 8576K, reserved 1056768K
  class space    used 585K, capacity 624K, committed 640K, reserved 1048576K

Card table byte_map: [0x0000000011d90000,0x0000000012190000] byte_map_base: 0x0000000011989000

Marking Bits: (ParMarkBitMap*) 0x0000000066be0600
 Begin Bits: [0x0000000012840000, 0x0000000014808000)
 End Bits:   [0x0000000014808000, 0x00000000167d0000)

Polling page: 0x0000000002750000

CodeCache: size=245760Kb used=1987Kb max_used=1987Kb free=243772Kb
 bounds [0x00000000029d0000, 0x0000000002c40000, 0x00000000119d0000]
 total_blobs=976 nmethods=330 adapters=559
 compilation: enabled

Compilation events (10 events):
Event: 0.365 Thread 0x00000000175a9000  323  s    3       sun.misc.URLClassPath::knownToNotExist (24 bytes)
Event: 0.365 Thread 0x00000000175a9000 nmethod 323 0x0000000002bbaed0 code [0x0000000002bbb040, 0x0000000002bbb408]
Event: 0.367 Thread 0x000000001756a800  327       4       java.util.Arrays::copyOfRange (63 bytes)
Event: 0.367 Thread 0x00000000175a9000  328       3       java.net.URLClassLoader::defineClass (142 bytes)
Event: 0.368 Thread 0x000000001756a800 nmethod 327 0x0000000002bbaa10 code [0x0000000002bbab60, 0x0000000002bbad78]
Event: 0.368 Thread 0x00000000175a9000 nmethod 328 0x0000000002bc08d0 code [0x0000000002bc0c40, 0x0000000002bc2f18]
Event: 0.368 Thread 0x00000000175a9000  330       3       org.lwjgl.system.APIBuffer::param (26 bytes)
Event: 0.369 Thread 0x00000000175a9000 nmethod 330 0x0000000002bc0510 code [0x0000000002bc0680, 0x0000000002bc0828]
Event: 0.369 Thread 0x00000000175a9000  329       3       org.lwjgl.system.APIBuffer::bufferParam (9 bytes)
Event: 0.369 Thread 0x00000000175a9000 nmethod 329 0x0000000002bc0090 code [0x0000000002bc0200, 0x0000000002bc0408]

GC Heap History (0 events):
No events

Deoptimization events (0 events):
No events

Internal exceptions (6 events):
Event: 0.020 Thread 0x00000000028d0800 Exception <a 'java/lang/NoSuchMethodError': Method sun.misc.Unsafe.defineClass(Ljava/lang/String;[BII)Ljava/lang/Class; name or signature does not match> (0x00000000d5a07cc0) thrown at [D:\re\workspace\8-2-build-windows-amd64-cygwin\jdk8u77\6540\hotspot\sr √¡¯Vàî?
Event: 0.020 Thread 0x00000000028d0800 Exception <a 'java/lang/NoSuchMethodError': Method sun.misc.Unsafe.prefetchRead(Ljava/lang/Object;J)V name or signature does not match> (0x00000000d5a07fa8) thrown at [D:\re\workspace\8-2-build-windows-amd64-cygwin\jdk8u77\6540\hotspot\src\share\vm\prims\jæ*?ö≤9œ?
Event: 0.244 Thread 0x00000000028d0800 Exception <a 'java/security/PrivilegedActionException'> (0x00000000d5cf7ed0) thrown at [D:\re\workspace\8-2-build-windows-amd64-cygwin\jdk8u77\6540\hotspot\src\share\vm\prims\jvm.cpp, line 1386]
Event: 0.244 Thread 0x00000000028d0800 Exception <a 'java/security/PrivilegedActionException'> (0x00000000d5cf82c8) thrown at [D:\re\workspace\8-2-build-windows-amd64-cygwin\jdk8u77\6540\hotspot\src\share\vm\prims\jvm.cpp, line 1386]
Event: 0.244 Thread 0x00000000028d0800 Exception <a 'java/security/PrivilegedActionException'> (0x00000000d5cfc240) thrown at [D:\re\workspace\8-2-build-windows-amd64-cygwin\jdk8u77\6540\hotspot\src\share\vm\prims\jvm.cpp, line 1386]
Event: 0.244 Thread 0x00000000028d0800 Exception <a 'java/security/PrivilegedActionException'> (0x00000000d5cfc638) thrown at [D:\re\workspace\8-2-build-windows-amd64-cygwin\jdk8u77\6540\hotspot\src\share\vm\prims\jvm.cpp, line 1386]

Events (10 events):
Event: 0.368 loading class org/lwjgl/system/MemoryUtil$BufferAllocator
Event: 0.368 loading class org/lwjgl/system/MemoryUtil$BufferAllocator done
Event: 0.369 loading class org/lwjgl/system/MemoryUtil$BufferAllocator$1
Event: 0.369 loading class org/lwjgl/system/MemoryUtil$BufferAllocator$1 done
Event: 0.369 loading class org/lwjgl/system/MemoryUtil$BufferAllocator$2
Event: 0.369 loading class org/lwjgl/system/MemoryUtil$BufferAllocator$2 done
Event: 0.370 loading class models/VerticesModel
Event: 0.370 loading class models/VerticesModel done
Event: 0.370 loading class org/lwjgl/opengl/GLChecks
Event: 0.370 loading class org/lwjgl/opengl/GLChecks done


Dynamic libraries:
0x00007ff7fa870000 - 0x00007ff7fa8a7000 	C:\Program Files\Java\jre1.8.0_77\bin\javaw.exe
0x00007ffb1a220000 - 0x00007ffb1a3e2000 	C:\WINDOWS\SYSTEM32\ntdll.dll
0x00007ffb17970000 - 0x00007ffb17a1d000 	C:\WINDOWS\system32\KERNEL32.DLL
0x00007ffb17650000 - 0x00007ffb1782d000 	C:\WINDOWS\system32\KERNELBASE.dll
0x00007ffb1a040000 - 0x00007ffb1a0e6000 	C:\WINDOWS\system32\ADVAPI32.dll
0x00007ffb19d90000 - 0x00007ffb19e2d000 	C:\WINDOWS\system32\msvcrt.dll
0x00007ffb198e0000 - 0x00007ffb1993b000 	C:\WINDOWS\system32\sechost.dll
0x00007ffb195d0000 - 0x00007ffb196f6000 	C:\WINDOWS\system32\RPCRT4.dll
0x00007ffb19e90000 - 0x00007ffb19fde000 	C:\WINDOWS\system32\USER32.dll
0x00007ffb17a20000 - 0x00007ffb17ba6000 	C:\WINDOWS\system32\GDI32.dll
0x00007ffb13120000 - 0x00007ffb13394000 	C:\WINDOWS\WinSxS\amd64_microsoft.windows.common-controls_6595b64144ccf1df_6.0.10240.16384_none_f41f7b285750ef43\COMCTL32.dll
0x00007ffb17e40000 - 0x00007ffb17e76000 	C:\WINDOWS\system32\IMM32.DLL
0x00007ffb19720000 - 0x00007ffb1987c000 	C:\WINDOWS\system32\MSCTF.dll
0x0000000066c90000 - 0x0000000066d62000 	C:\Program Files\Java\jre1.8.0_77\bin\msvcr100.dll
0x00000000663d0000 - 0x0000000066c60000 	C:\Program Files\Java\jre1.8.0_77\bin\server\jvm.dll
0x00007ffb19470000 - 0x00007ffb19478000 	C:\WINDOWS\system32\PSAPI.DLL
0x00007ffb0cf50000 - 0x00007ffb0cf59000 	C:\WINDOWS\SYSTEM32\WSOCK32.dll
0x00007ffb15260000 - 0x00007ffb15283000 	C:\WINDOWS\SYSTEM32\WINMM.dll
0x00007ffb133a0000 - 0x00007ffb133aa000 	C:\WINDOWS\SYSTEM32\VERSION.dll
0x00007ffb1a1a0000 - 0x00007ffb1a209000 	C:\WINDOWS\system32\WS2_32.dll
0x00007ffb193f0000 - 0x00007ffb193f8000 	C:\WINDOWS\system32\NSI.dll
0x0000000002720000 - 0x000000000274c000 	C:\WINDOWS\SYSTEM32\WINMMBASE.dll
0x00007ffb16e00000 - 0x00007ffb16e44000 	C:\WINDOWS\system32\cfgmgr32.dll
0x00007ffb15580000 - 0x00007ffb155a7000 	C:\WINDOWS\SYSTEM32\DEVOBJ.dll
0x00000000663c0000 - 0x00000000663cf000 	C:\Program Files\Java\jre1.8.0_77\bin\verify.dll
0x0000000066390000 - 0x00000000663b9000 	C:\Program Files\Java\jre1.8.0_77\bin\java.dll
0x0000000066370000 - 0x0000000066386000 	C:\Program Files\Java\jre1.8.0_77\bin\zip.dll
0x00007ffb17e80000 - 0x00007ffb193e8000 	C:\WINDOWS\system32\SHELL32.dll
0x00007ffb17020000 - 0x00007ffb17648000 	C:\WINDOWS\system32\windows.storage.dll
0x00007ffb19940000 - 0x00007ffb19bbc000 	C:\WINDOWS\system32\combase.dll
0x00007ffb19fe0000 - 0x00007ffb1a031000 	C:\WINDOWS\system32\shlwapi.dll
0x00007ffb16c10000 - 0x00007ffb16c1f000 	C:\WINDOWS\system32\kernel.appcore.dll
0x00007ffb16d40000 - 0x00007ffb16df3000 	C:\WINDOWS\system32\shcore.dll
0x00007ffb16c40000 - 0x00007ffb16c8a000 	C:\WINDOWS\system32\powrprof.dll
0x00007ffb16bf0000 - 0x00007ffb16c03000 	C:\WINDOWS\system32\profapi.dll
0x00007ffb17d80000 - 0x00007ffb17e3e000 	C:\WINDOWS\system32\OLEAUT32.dll
0x00007ffb0d6f0000 - 0x00007ffb0d778000 	E:\Users\Brain\git\LWJGL3\lib\native\lwjgl.dll
0x00007ffb16800000 - 0x00007ffb1680b000 	C:\WINDOWS\SYSTEM32\CRYPTBASE.DLL
0x00007ffb16a10000 - 0x00007ffb16a7b000 	C:\WINDOWS\SYSTEM32\bcryptPrimitives.dll
0x00007ffb0d7b0000 - 0x00007ffb0d7f2000 	E:\Users\Brain\git\LWJGL3\lib\native\jemalloc.dll
0x00007ffb0d6b0000 - 0x00007ffb0d6e8000 	E:\Users\Brain\git\LWJGL3\lib\native\glfw.dll
0x00007ffb154c0000 - 0x00007ffb15556000 	C:\WINDOWS\system32\uxtheme.dll
0x00007ffb13d20000 - 0x00007ffb13d42000 	C:\WINDOWS\SYSTEM32\dwmapi.dll
0x00007ffaf4860000 - 0x00007ffaf4988000 	C:\WINDOWS\SYSTEM32\opengl32.dll
0x00007ffb0f510000 - 0x00007ffb0f53e000 	C:\WINDOWS\SYSTEM32\GLU32.dll
0x00007ffaf1e50000 - 0x00007ffaf1f46000 	C:\WINDOWS\SYSTEM32\DDRAW.dll
0x00007ffb0f730000 - 0x00007ffb0f738000 	C:\WINDOWS\SYSTEM32\DCIMAN32.dll
0x0000000063f30000 - 0x0000000065d82000 	C:\WINDOWS\SYSTEM32\nvoglv64.DLL
0x00007ffb17bb0000 - 0x00007ffb17d75000 	C:\WINDOWS\system32\SETUPAPI.dll
0x00007ffb15330000 - 0x00007ffb15343000 	C:\WINDOWS\SYSTEM32\WTSAPI32.dll
0x00007ffaf5e30000 - 0x00007ffaf5fba000 	C:\WINDOWS\SYSTEM32\dbghelp.dll
0x00007ffb17830000 - 0x00007ffb17884000 	C:\WINDOWS\system32\WINTRUST.dll
0x00007ffb16c20000 - 0x00007ffb16c31000 	C:\WINDOWS\system32\MSASN1.dll
0x00007ffb16e50000 - 0x00007ffb17011000 	C:\WINDOWS\system32\CRYPT32.dll
0x00007ffb15ed0000 - 0x00007ffb15f02000 	C:\WINDOWS\SYSTEM32\ntmarta.dll
0x00007ffb16690000 - 0x00007ffb166e8000 	C:\WINDOWS\SYSTEM32\WINSTA.dll

VM Arguments:
jvm_args: -Djava.library.path=E:\Users\Brain\git\LWJGL3\lib\native -Dfile.encoding=Cp1252 
java_command: main.MainGameLoop
java_class_path (initial): E:\Users\Brain\git\LWJGL3\bin;E:\Users\Brain\git\LWJGL3\lib\jar\lwjgl.jar;E:\Eclipse Workspace\LWJGL2\lib\jars\lwjgl_util.jar;E:\Eclipse Workspace\LWJGL2\lib\jars\slick-util.jar
Launcher Type: SUN_STANDARD

Environment Variables:
JAVA_HOME=C:\Program Files\Java\jre1.8.0_77
PATH=C:/Program Files/Java/jre1.8.0_77/bin/server;C:/Program Files/Java/jre1.8.0_77/bin;C:/Program Files/Java/jre1.8.0_77/lib/amd64;C:\ProgramData\Oracle\Java\javapath;C:\Program Files\Java\jdk1.8.0_74\bin;C:\Program Files\Java\jre1.8.0_77\bin;C:\Program Files\Common Files\Microsoft Shared\Windows Live;C:\Program Files (x86)\Common Files\Microsoft Shared\Windows Live;C:\Program Files (x86)\Intel\iCLS Client\;C:\Program Files\Intel\iCLS Client\;C:\WINDOWS\system32;C:\WINDOWS;C:\WINDOWS\System32\Wbem;C:\WINDOWS\System32\WindowsPowerShell\v1.0\;C:\Program Files (x86)\Windows Live\Shared;C:\Program Files (x86)\NVIDIA Corporation\PhysX\Common;C:\Program Files (x86)\QuickTime\QTSystem\;C:\Program Files (x86)\Intel\Intel(R) Management Engine Components\DAL;C:\Program Files\Intel\Intel(R) Management Engine Components\DAL;C:\Program Files (x86)\Intel\Intel(R) Management Engine Components\IPT;C:\Program Files\Intel\Intel(R) Management Engine Components\IPT;E:\Skype\Phone\;C:\Program Files (x86)\GtkSharp\2.12\bin;E:\eclipse-jee-mars-R-win32-x86_64\eclipse;
USERNAME=Brain
OS=Windows_NT
PROCESSOR_IDENTIFIER=Intel64 Family 6 Model 60 Stepping 3, GenuineIntel



---------------  S Y S T E M  ---------------

OS: Windows 10.0 , 64 bit Build 10240 (10.0.10240.16384)

CPU:total 4 (4 cores per cpu, 1 threads per core) family 6 model 60 stepping 3, cmov, cx8, fxsr, mmx, sse, sse2, sse3, ssse3, sse4.1, sse4.2, popcnt, avx, avx2, aes, clmul, erms, lzcnt, tsc, tscinvbit, bmi1, bmi2

Memory: 4k page, physical 8330504k(3733656k free), swap 18291976k(9825072k free)

vm_info: Java HotSpot(TM) 64-Bit Server VM (25.77-b03) for windows-amd64 JRE (1.8.0_77-b03), built on Mar 20 2016 22:01:33 by "java_re" with MS VC++ 10.0 (VS2010)

time: Fri Apr 22 19:10:22 2016
elapsed time: 0 seconds (0d 0h 0m 0s)

